[2024-12-08T13:56:25.058Z] {
  _id: new ObjectId('67559db043d283456fc9b740'),
  username: 'dark_knight',
  password: 'wayne123',
  firstName: 'Bruce',
  lastName: 'Wayne',
  email: 'bruce@wayne.com',
  dob: 1972-02-19T00:00:00.000Z,
  role: 'STUDENT',
  loginId: '001234562S',
  section: 'S101',
  lastActivity: 2020-11-02T00:00:00.000Z,
  totalActivity: '15:32:43'
}
[2024-12-08T13:56:32.759Z] {
  _id: new ObjectId('67559db043d283456fc9b741'),
  username: 'capt_america',
  password: 'rogers123',
  firstName: 'Steve',
  lastName: 'Rogers',
  email: 'steve@avengers.com',
  dob: 1918-07-04T00:00:00.000Z,
  role: 'STUDENT',
  loginId: '001234563S',
  section: 'S101',
  lastActivity: 2020-10-02T00:00:00.000Z,
  totalActivity: '23:32:43'
}
[2024-12-08T13:57:15.009Z] {
  _id: new ObjectId('67559db043d283456fc9b741'),
  username: 'capt_america',
  password: 'rogers123',
  firstName: 'Steve',
  lastName: 'Rogers',
  email: 'steve@avengers.com',
  dob: 1918-07-04T00:00:00.000Z,
  role: 'STUDENT',
  loginId: '001234563S',
  section: 'S101',
  lastActivity: 2020-10-02T00:00:00.000Z,
  totalActivity: '23:32:43'
}
[2024-12-08T13:57:18.831Z] {
  _id: new ObjectId('67559db043d283456fc9b740'),
  username: 'dark_knight',
  password: 'wayne123',
  firstName: 'Bruce',
  lastName: 'Wayne',
  email: 'bruce@wayne.com',
  dob: 1972-02-19T00:00:00.000Z,
  role: 'STUDENT',
  loginId: '001234562S',
  section: 'S101',
  lastActivity: 2020-11-02T00:00:00.000Z,
  totalActivity: '15:32:43'
}
[2024-12-08T13:57:23.402Z] {
  _id: new ObjectId('67559db043d283456fc9b741'),
  username: 'capt_america',
  password: 'rogers123',
  firstName: 'Stev',
  lastName: 'Rogers',
  email: 'steve@avengers.com',
  dob: 1918-07-04T00:00:00.000Z,
  role: 'STUDENT',
  loginId: '001234563S',
  section: 'S101',
  lastActivity: 2020-10-02T00:00:00.000Z,
  totalActivity: '23:32:43'
}
[2024-12-08T13:57:56.362Z] {
  _id: new ObjectId('67559db043d283456fc9b747'),
  username: 'elf_archer',
  password: 'legolas123',
  firstName: 'Legolas',
  lastName: 'Greenleaf',
  email: 'legolas@mirkwood.com',
  dob: 2879-07-15T00:00:00.000Z,
  role: 'FACULTY',
  loginId: '001234569S',
  section: 'S101',
  lastActivity: 2020-11-11T00:00:00.000Z,
  totalActivity: '21:32:43'
}
[2024-12-08T13:58:33.521Z] {
  _id: new ObjectId('67559db043d283456fc9b744'),
  username: 'hulk_smash',
  password: 'banner123',
  firstName: 'Bruce',
  lastName: 'Banner',
  email: 'bruce@avengers.com',
  dob: 1969-12-18T00:00:00.000Z,
  role: 'STUDENT',
  loginId: '001234566S',
  section: 'S101',
  lastActivity: 2020-12-01T00:00:00.000Z,
  totalActivity: '22:33:44'
}
[2024-12-08T13:58:37.315Z] {
  _id: new ObjectId('67559db043d283456fc9b741'),
  username: 'capt_america',
  password: 'rogers123',
  firstName: 'Steve',
  lastName: 'Rogers',
  email: 'steve@avengers.com',
  dob: 1918-07-04T00:00:00.000Z,
  role: 'STUDENT',
  loginId: '001234563S',
  section: 'S101',
  lastActivity: 2020-10-02T00:00:00.000Z,
  totalActivity: '23:32:43'
}
[2024-12-08T13:58:42.751Z] {
  _id: new ObjectId('67559db043d283456fc9b744'),
  username: 'hulk_smash',
  password: 'banner123',
  firstName: 'Bruce',
  lastName: 'Banner',
  email: 'bruce@avengers.com',
  dob: 1969-12-18T00:00:00.000Z,
  role: 'STUDENT',
  loginId: '001234566S',
  section: 'S101',
  lastActivity: 2020-12-01T00:00:00.000Z,
  totalActivity: '22:33:44'
}
